<?xml version="1.0" encoding="UTF-8"?>
<!-- Generated by org.testng.reporters.JUnitReportReporter -->
<testsuite hostname="VSP-HGQD6Q3" failures="0" tests="1" name="prac.hem" time="13.789" errors="0" timestamp="2023-02-06T11:54:57 IST" skipped="0">
  <testcase classname="prac.hem" name="cl" time="13.789"/>
  <system-out/>
</testsuite> <!-- prac.hem -->
